{"meta": {"format": 3, "version": "7.10.0", "timestamp": "2025-07-26T05:25:52.255832", "branch_coverage": false, "show_contexts": false}, "files": {"app.py": {"executed_lines": [1, 2, 3, 4, 5, 6, 7, 10, 15, 16, 18, 21, 22, 25, 26, 27, 30, 31, 32, 33, 36, 37, 40, 41, 45, 46, 47, 48, 50, 53, 54, 55, 56, 58, 59, 60, 61, 63, 64, 66, 72, 74, 75], "summary": {"covered_lines": 43, "num_statements": 53, "percent_covered": 81.13207547169812, "percent_covered_display": "81", "missing_lines": 10, "excluded_lines": 0}, "missing_lines": [11, 12, 38, 42, 43, 76, 77, 78, 79, 81], "excluded_lines": [], "functions": {"create_app": {"executed_lines": [16, 18, 21, 22, 25, 26, 27, 30, 31, 32, 33, 36, 37, 40, 41, 45, 46, 50, 53, 54, 55, 56, 58, 59, 60, 61, 63, 64, 72], "summary": {"covered_lines": 29, "num_statements": 29, "percent_covered": 100.0, "percent_covered_display": "100", "missing_lines": 0, "excluded_lines": 0}, "missing_lines": [], "excluded_lines": []}, "create_app.expired_token_callback": {"executed_lines": [], "summary": {"covered_lines": 0, "num_statements": 1, "percent_covered": 0.0, "percent_covered_display": "0", "missing_lines": 1, "excluded_lines": 0}, "missing_lines": [38], "excluded_lines": []}, "create_app.invalid_token_callback": {"executed_lines": [], "summary": {"covered_lines": 0, "num_statements": 2, "percent_covered": 0.0, "percent_covered_display": "0", "missing_lines": 2, "excluded_lines": 0}, "missing_lines": [42, 43], "excluded_lines": []}, "create_app.missing_token_callback": {"executed_lines": [47, 48], "summary": {"covered_lines": 2, "num_statements": 2, "percent_covered": 100.0, "percent_covered_display": "100", "missing_lines": 0, "excluded_lines": 0}, "missing_lines": [], "excluded_lines": []}, "create_app.health_check": {"executed_lines": [66], "summary": {"covered_lines": 1, "num_statements": 1, "percent_covered": 100.0, "percent_covered_display": "100", "missing_lines": 0, "excluded_lines": 0}, "missing_lines": [], "excluded_lines": []}, "": {"executed_lines": [1, 2, 3, 4, 5, 6, 7, 10, 15, 74, 75], "summary": {"covered_lines": 11, "num_statements": 18, "percent_covered": 61.111111111111114, "percent_covered_display": "61", "missing_lines": 7, "excluded_lines": 0}, "missing_lines": [11, 12, 76, 77, 78, 79, 81], "excluded_lines": []}}, "classes": {"": {"executed_lines": [1, 2, 3, 4, 5, 6, 7, 10, 15, 16, 18, 21, 22, 25, 26, 27, 30, 31, 32, 33, 36, 37, 40, 41, 45, 46, 47, 48, 50, 53, 54, 55, 56, 58, 59, 60, 61, 63, 64, 66, 72, 74, 75], "summary": {"covered_lines": 43, "num_statements": 53, "percent_covered": 81.13207547169812, "percent_covered_display": "81", "missing_lines": 10, "excluded_lines": 0}, "missing_lines": [11, 12, 38, 42, 43, 76, 77, 78, 79, 81], "excluded_lines": []}}}}, "totals": {"covered_lines": 43, "num_statements": 53, "percent_covered": 81.13207547169812, "percent_covered_display": "81", "missing_lines": 10, "excluded_lines": 0}}