{"created": 1753507552.2571363, "duration": 1.0787279605865479, "exitcode": 1, "root": "/app", "environment": {}, "summary": {"failed": 3, "passed": 34, "total": 37, "collected": 37}, "collectors": [{"nodeid": "", "outcome": "passed", "result": [{"nodeid": "tests", "type": "Package"}]}, {"nodeid": "tests/test_analytics.py", "outcome": "passed", "result": [{"nodeid": "tests/test_analytics.py::test_get_health_summary_success", "type": "Function", "lineno": 35}, {"nodeid": "tests/test_analytics.py::test_get_health_summary_no_data", "type": "Function", "lineno": 50}, {"nodeid": "tests/test_analytics.py::test_get_weekly_summary_success", "type": "Function", "lineno": 65}, {"nodeid": "tests/test_analytics.py::test_get_weekly_summary_failure", "type": "Function", "lineno": 102}, {"nodeid": "tests/test_analytics.py::test_get_health_correlations_success", "type": "Function", "lineno": 122}, {"nodeid": "tests/test_analytics.py::test_get_health_correlations_failure", "type": "Function", "lineno": 139}, {"nodeid": "tests/test_analytics.py::test_get_health_trends_success", "type": "Function", "lineno": 153}, {"nodeid": "tests/test_analytics.py::test_get_health_trends_failure", "type": "Function", "lineno": 178}]}, {"nodeid": "tests/test_auth.py", "outcome": "passed", "result": [{"nodeid": "tests/test_auth.py::test_register_success", "type": "Function", "lineno": 8}, {"nodeid": "tests/test_auth.py::test_register_existing_email", "type": "Function", "lineno": 32}, {"nodeid": "tests/test_auth.py::test_register_invalid_email", "type": "Function", "lineno": 54}, {"nodeid": "tests/test_auth.py::test_register_missing_fields", "type": "Function", "lineno": 69}, {"nodeid": "tests/test_auth.py::test_login_success", "type": "Function", "lineno": 82}, {"nodeid": "tests/test_auth.py::test_login_invalid_password", "type": "Function", "lineno": 107}, {"nodeid": "tests/test_auth.py::test_login_missing_fields", "type": "Function", "lineno": 128}, {"nodeid": "tests/test_auth.py::test_verify_token_success", "type": "Function", "lineno": 141}, {"nodeid": "tests/test_auth.py::test_verify_token_invalid", "type": "Function", "lineno": 164}, {"nodeid": "tests/test_auth.py::test_logout", "type": "Function", "lineno": 172}]}, {"nodeid": "tests/test_entry.py", "outcome": "passed", "result": [{"nodeid": "tests/test_entry.py::test_create_entry_success", "type": "Function", "lineno": 9}, {"nodeid": "tests/test_entry.py::test_create_entry_missing_text", "type": "Function", "lineno": 29}, {"nodeid": "tests/test_entry.py::test_get_entries_success", "type": "Function", "lineno": 47}, {"nodeid": "tests/test_entry.py::test_get_entries_missing_user_id", "type": "Function", "lineno": 74}, {"nodeid": "tests/test_entry.py::test_update_entry_success", "type": "Function", "lineno": 87}, {"nodeid": "tests/test_entry.py::test_update_entry_not_found", "type": "Function", "lineno": 118}, {"nodeid": "tests/test_entry.py::test_delete_entry_success", "type": "Function", "lineno": 132}, {"nodeid": "tests/test_entry.py::test_delete_entry_not_found", "type": "Function", "lineno": 155}, {"nodeid": "tests/test_entry.py::test_bulk_delete_entries_success", "type": "Function", "lineno": 167}]}, {"nodeid": "tests/test_family.py", "outcome": "passed", "result": [{"nodeid": "tests/test_family.py::test_get_family_profiles_success", "type": "Function", "lineno": 39}, {"nodeid": "tests/test_family.py::test_get_family_profiles_no_token", "type": "Function", "lineno": 56}, {"nodeid": "tests/test_family.py::test_create_family_profile_success", "type": "Function", "lineno": 65}, {"nodeid": "tests/test_family.py::test_create_family_profile_missing_name", "type": "Function", "lineno": 83}, {"nodeid": "tests/test_family.py::test_create_family_profile_duplicate_name", "type": "Function", "lineno": 95}, {"nodeid": "tests/test_family.py::test_update_family_profile_success", "type": "Function", "lineno": 123}, {"nodeid": "tests/test_family.py::test_update_family_profile_not_found", "type": "Function", "lineno": 139}, {"nodeid": "tests/test_family.py::test_delete_family_profile_success", "type": "Function", "lineno": 153}, {"nodeid": "tests/test_family.py::test_delete_family_profile_only_admin_blocked", "type": "Function", "lineno": 180}]}, {"nodeid": "tests/test_health.py", "outcome": "passed", "result": [{"nodeid": "tests/test_health.py::test_health_check", "type": "Function", "lineno": 1}]}, {"nodeid": "tests", "outcome": "passed", "result": [{"nodeid": "tests/test_analytics.py", "type": "Module"}, {"nodeid": "tests/test_auth.py", "type": "Module"}, {"nodeid": "tests/test_entry.py", "type": "Module"}, {"nodeid": "tests/test_family.py", "type": "Module"}, {"nodeid": "tests/test_health.py", "type": "Module"}]}], "tests": [{"nodeid": "tests/test_analytics.py::test_get_health_summary_success", "lineno": 35, "outcome": "failed", "keywords": ["test_get_health_summary_success", "test_analytics.py", "tests", "app", ""], "setup": {"duration": 0.1624707959999796, "outcome": "passed", "stdout": "\u2705 Authentication routes registered\n\u2705 Family routes registered\n\u2705 Entry routes registered\n\u2705 Analytics routes registered\n"}, "call": {"duration": 0.008637069000542397, "outcome": "failed", "crash": {"path": "/app/tests/test_analytics.py", "lineno": 46, "message": "assert 500 == 200\n +  where 500 = <WrapperTestResponse 41 bytes [500 INTERNAL SERVER ERROR]>.status_code"}, "traceback": [{"path": "tests/test_analytics.py", "lineno": 46, "message": "in test_get_health_summary_success"}], "stdout": "Error fetching summary: cannot access local variable 'cursor' where it is not associated with a value\n", "longrepr": "tests/test_analytics.py:46: in test_get_health_summary_success\n    assert response.status_code == 200\nE   assert 500 == 200\nE    +  where 500 = <WrapperTestResponse 41 bytes [500 INTERNAL SERVER ERROR]>.status_code"}, "teardown": {"duration": 0.0007346530001086649, "outcome": "passed"}}, {"nodeid": "tests/test_analytics.py::test_get_health_summary_no_data", "lineno": 50, "outcome": "failed", "keywords": ["test_get_health_summary_no_data", "test_analytics.py", "tests", "app", ""], "setup": {"duration": 0.0076372369985620026, "outcome": "passed"}, "call": {"duration": 0.006015558999934001, "outcome": "failed", "crash": {"path": "/app/tests/test_analytics.py", "lineno": 58, "message": "assert 500 == 200\n +  where 500 = <WrapperTestResponse streamed [500 INTERNAL SERVER ERROR]>.status_code"}, "traceback": [{"path": "tests/test_analytics.py", "lineno": 58, "message": "in test_get_health_summary_no_data"}], "stdout": "Error fetching summary: cannot access local variable 'cursor' where it is not associated with a value\n", "longrepr": "tests/test_analytics.py:58: in test_get_health_summary_no_data\n    assert response.status_code == 200\nE   assert 500 == 200\nE    +  where 500 = <WrapperTestResponse streamed [500 INTERNAL SERVER ERROR]>.status_code"}, "teardown": {"duration": 0.000474907999887364, "outcome": "passed"}}, {"nodeid": "tests/test_analytics.py::test_get_weekly_summary_success", "lineno": 65, "outcome": "passed", "keywords": ["test_get_weekly_summary_success", "__wrapped__", "patchings", "test_analytics.py", "tests", "app", ""], "setup": {"duration": 0.007416828000714304, "outcome": "passed"}, "call": {"duration": 0.0028184470011183294, "outcome": "passed", "stdout": "\ud83d\udd04 Generating weekly summary for user 1\n\ud83d\udd0d Raw summary object: <MagicMock name='generate_weekly_summary()' id='124605018560208'>\n\u2705 Weekly summary response data: {'success': True, 'period': {'start_date': '2025-07-01', 'end_date': '2025-07-07', 'total_entries': 5}, 'health_metrics': {'mood': {'average': 7.2, 'trend': 'upward', 'scale': '1-10 (higher is better)'}, 'energy': {'average': 6.8, 'trend': 'stable', 'scale': '1-10 (higher is better)'}, 'pain': {'average': 2.5, 'trend': 'downward', 'scale': '0-10 (lower is better)'}, 'sleep': {'average_hours': 7.5, 'trend': 'stable', 'scale': 'hours per night'}, 'stress': {'average': 3.5, 'trend': 'stable', 'scale': '0-10 (lower is better)'}}, 'correlations': [{'factor': 'sleep', 'impact': 'energy'}], 'insights': {'key_insights': ['Great week!'], 'potential_triggers': ['junk food'], 'recommendations': ['Sleep earlier'], 'areas_of_concern': ['low energy'], 'positive_patterns': ['regular exercise']}, 'generated_at': '2025-07-26T05:25:51.564988'}\n"}, "teardown": {"duration": 0.00037088799945195206, "outcome": "passed"}}, {"nodeid": "tests/test_analytics.py::test_get_weekly_summary_failure", "lineno": 102, "outcome": "passed", "keywords": ["test_get_weekly_summary_failure", "__wrapped__", "patchings", "test_analytics.py", "tests", "app", ""], "setup": {"duration": 0.007526123999923584, "outcome": "passed"}, "call": {"duration": 0.0014833799996267771, "outcome": "passed", "stdout": "\ud83d\udd04 Generating weekly summary for user 1\n\u274c Error generating weekly summary: AI Engine Failure\n"}, "teardown": {"duration": 0.0003903679989889497, "outcome": "passed"}}, {"nodeid": "tests/test_analytics.py::test_get_health_correlations_success", "lineno": 122, "outcome": "passed", "keywords": ["test_get_health_correlations_success", "__wrapped__", "patchings", "test_analytics.py", "tests", "app", ""], "setup": {"duration": 0.007374965000053635, "outcome": "passed"}, "call": {"duration": 0.0017896009994728956, "outcome": "passed"}, "teardown": {"duration": 0.0003837300009763567, "outcome": "passed"}}, {"nodeid": "tests/test_analytics.py::test_get_health_correlations_failure", "lineno": 139, "outcome": "passed", "keywords": ["test_get_health_correlations_failure", "__wrapped__", "patchings", "test_analytics.py", "tests", "app", ""], "setup": {"duration": 0.007472100000086357, "outcome": "passed"}, "call": {"duration": 0.0013733389987464761, "outcome": "passed", "stdout": "\u274c Error getting correlations: DB error\n"}, "teardown": {"duration": 0.00036573900069925003, "outcome": "passed"}}, {"nodeid": "tests/test_analytics.py::test_get_health_trends_success", "lineno": 153, "outcome": "passed", "keywords": ["test_get_health_trends_success", "__wrapped__", "patchings", "test_analytics.py", "tests", "app", ""], "setup": {"duration": 0.008066205000432092, "outcome": "passed"}, "call": {"duration": 0.0019182500000169966, "outcome": "passed"}, "teardown": {"duration": 0.00038558500091312453, "outcome": "passed"}}, {"nodeid": "tests/test_analytics.py::test_get_health_trends_failure", "lineno": 178, "outcome": "passed", "keywords": ["test_get_health_trends_failure", "__wrapped__", "patchings", "test_analytics.py", "tests", "app", ""], "setup": {"duration": 0.007908442999905674, "outcome": "passed"}, "call": {"duration": 0.002497796000170638, "outcome": "passed", "stdout": "\u274c Error getting trends: Trend calc failed\n"}, "teardown": {"duration": 0.0006452130000980105, "outcome": "passed"}}, {"nodeid": "tests/test_auth.py::test_register_success", "lineno": 8, "outcome": "passed", "keywords": ["test_register_success", "test_auth.py", "tests", "app", ""], "setup": {"duration": 0.001005029000225477, "outcome": "passed"}, "call": {"duration": 0.21611583099911513, "outcome": "passed", "stdout": "\ud83d\udd04 Registration attempt for email: test@example.com, family: TestFamily\n\u2705 Family created with ID: 9\n\ud83d\udd04 Creating admin user with username: test\n\u2705 Admin profile created with ID: 9\n\u2705 Registration successful for family: TestFamily\n"}, "teardown": {"duration": 0.0005580510005529504, "outcome": "passed"}}, {"nodeid": "tests/test_auth.py::test_register_existing_email", "lineno": 32, "outcome": "passed", "keywords": ["test_register_existing_email", "test_auth.py", "tests", "app", ""], "setup": {"duration": 0.0012613159997272305, "outcome": "passed"}, "call": {"duration": 0.009875121000732179, "outcome": "passed", "stdout": "\ud83d\udd04 Registration attempt for email: test@example.com, family: TestFamily\n"}, "teardown": {"duration": 0.00029016900043643545, "outcome": "passed"}}, {"nodeid": "tests/test_auth.py::test_register_invalid_email", "lineno": 54, "outcome": "passed", "keywords": ["test_register_invalid_email", "test_auth.py", "tests", "app", ""], "setup": {"duration": 0.0010950849991786527, "outcome": "passed"}, "call": {"duration": 0.0016012790001695976, "outcome": "passed", "stdout": "\ud83d\udd04 Registration attempt for email: invalidemail, family: TestFamily\n"}, "teardown": {"duration": 0.0004485179997573141, "outcome": "passed"}}, {"nodeid": "tests/test_auth.py::test_register_missing_fields", "lineno": 69, "outcome": "passed", "keywords": ["test_register_missing_fields", "test_auth.py", "tests", "app", ""], "setup": {"duration": 0.0011481469991849735, "outcome": "passed"}, "call": {"duration": 0.0010868289991776692, "outcome": "passed", "stdout": "\ud83d\udd04 Registration attempt for email: , family: \n"}, "teardown": {"duration": 0.0002588099996501114, "outcome": "passed"}}, {"nodeid": "tests/test_auth.py::test_login_success", "lineno": 82, "outcome": "passed", "keywords": ["test_login_success", "test_auth.py", "tests", "app", ""], "setup": {"duration": 0.0005956179993518163, "outcome": "passed"}, "call": {"duration": 0.008926914999392466, "outcome": "passed"}, "teardown": {"duration": 0.00031040400062920526, "outcome": "passed"}}, {"nodeid": "tests/test_auth.py::test_login_invalid_password", "lineno": 107, "outcome": "passed", "keywords": ["test_login_invalid_password", "test_auth.py", "tests", "app", ""], "setup": {"duration": 0.000611142000707332, "outcome": "passed"}, "call": {"duration": 0.008757962999879965, "outcome": "passed"}, "teardown": {"duration": 0.0003160819996992359, "outcome": "passed"}}, {"nodeid": "tests/test_auth.py::test_login_missing_fields", "lineno": 128, "outcome": "passed", "keywords": ["test_login_missing_fields", "test_auth.py", "tests", "app", ""], "setup": {"duration": 0.0006371469989971956, "outcome": "passed"}, "call": {"duration": 0.002121026000168058, "outcome": "passed"}, "teardown": {"duration": 0.0006516100002045278, "outcome": "passed"}}, {"nodeid": "tests/test_auth.py::test_verify_token_success", "lineno": 141, "outcome": "failed", "keywords": ["test_verify_token_success", "test_auth.py", "tests", "app", ""], "setup": {"duration": 0.001305949001107365, "outcome": "passed"}, "call": {"duration": 0.01749379199827672, "outcome": "failed", "crash": {"path": "/app/tests/test_auth.py", "lineno": 162, "message": "AssertionError: assert 'TestFamily-959002e9' == 'TestFamily'\n  \n  \u001b[0m\u001b[91m- TestFamily\u001b[39;49;00m\u001b[90m\u001b[39;49;00m\n  \u001b[92m+ TestFamily-959002e9\u001b[39;49;00m\u001b[90m\u001b[39;49;00m"}, "traceback": [{"path": "tests/test_auth.py", "lineno": 162, "message": "in test_verify_token_success"}], "longrepr": "tests/test_auth.py:162: in test_verify_token_success\n    assert data[\"user\"][\"familyName\"] == \"TestFamily\"\nE   AssertionError: assert 'TestFamily-959002e9' == 'TestFamily'\nE     \nE     \u001b[0m\u001b[91m- TestFamily\u001b[39;49;00m\u001b[90m\u001b[39;49;00m\nE     \u001b[92m+ TestFamily-959002e9\u001b[39;49;00m\u001b[90m\u001b[39;49;00m"}, "teardown": {"duration": 0.000332816000081948, "outcome": "passed"}}, {"nodeid": "tests/test_auth.py::test_verify_token_invalid", "lineno": 164, "outcome": "passed", "keywords": ["test_verify_token_invalid", "test_auth.py", "tests", "app", ""], "setup": {"duration": 0.0006932639989827294, "outcome": "passed"}, "call": {"duration": 0.001020391999190906, "outcome": "passed", "stdout": "\u274c Missing token error: Missing Authorization Header\n"}, "teardown": {"duration": 0.00029246699887153227, "outcome": "passed"}}, {"nodeid": "tests/test_auth.py::test_logout", "lineno": 172, "outcome": "passed", "keywords": ["test_logout", "test_auth.py", "tests", "app", ""], "setup": {"duration": 0.0006427730004361365, "outcome": "passed"}, "call": {"duration": 0.0013340059995243791, "outcome": "passed"}, "teardown": {"duration": 0.000280254000244895, "outcome": "passed"}}, {"nodeid": "tests/test_entry.py::test_create_entry_success", "lineno": 9, "outcome": "passed", "keywords": ["test_create_entry_success", "__wrapped__", "patchings", "test_entry.py", "tests", "app", ""], "setup": {"duration": 0.008106170998871676, "outcome": "passed"}, "call": {"duration": 0.008901569000954623, "outcome": "passed", "stdout": "\ud83d\udd04 Processing entry for user 10 on 2025-07-26\n"}, "teardown": {"duration": 0.00040907600123318844, "outcome": "passed"}}, {"nodeid": "tests/test_entry.py::test_create_entry_missing_text", "lineno": 29, "outcome": "passed", "keywords": ["test_create_entry_missing_text", "test_entry.py", "tests", "app", ""], "setup": {"duration": 0.007493445000363863, "outcome": "passed"}, "call": {"duration": 0.0012603940012922976, "outcome": "passed"}, "teardown": {"duration": 0.00038058099926274735, "outcome": "passed"}}, {"nodeid": "tests/test_entry.py::test_get_entries_success", "lineno": 47, "outcome": "passed", "keywords": ["test_get_entries_success", "test_entry.py", "tests", "app", ""], "setup": {"duration": 0.007647387999895727, "outcome": "passed"}, "call": {"duration": 0.013710383000216098, "outcome": "passed"}, "teardown": {"duration": 0.00045819200022378936, "outcome": "passed"}}, {"nodeid": "tests/test_entry.py::test_get_entries_missing_user_id", "lineno": 74, "outcome": "passed", "keywords": ["test_get_entries_missing_user_id", "test_entry.py", "tests", "app", ""], "setup": {"duration": 0.007392468000034569, "outcome": "passed"}, "call": {"duration": 0.0013313100007508183, "outcome": "passed"}, "teardown": {"duration": 0.00037380799949460197, "outcome": "passed"}}, {"nodeid": "tests/test_entry.py::test_update_entry_success", "lineno": 87, "outcome": "passed", "keywords": ["test_update_entry_success", "__wrapped__", "patchings", "test_entry.py", "tests", "app", ""], "setup": {"duration": 0.007632314000147744, "outcome": "passed"}, "call": {"duration": 0.015622763999999734, "outcome": "passed"}, "teardown": {"duration": 0.00047210299999278504, "outcome": "passed"}}, {"nodeid": "tests/test_entry.py::test_update_entry_not_found", "lineno": 118, "outcome": "passed", "keywords": ["test_update_entry_not_found", "test_entry.py", "tests", "app", ""], "setup": {"duration": 0.0074725729991769185, "outcome": "passed"}, "call": {"duration": 0.007380344000921468, "outcome": "passed"}, "teardown": {"duration": 0.00047131099927355535, "outcome": "passed"}}, {"nodeid": "tests/test_entry.py::test_delete_entry_success", "lineno": 132, "outcome": "passed", "keywords": ["test_delete_entry_success", "test_entry.py", "tests", "app", ""], "setup": {"duration": 0.007497471000533551, "outcome": "passed"}, "call": {"duration": 0.014362398000230314, "outcome": "passed"}, "teardown": {"duration": 0.0004076000004715752, "outcome": "passed"}}, {"nodeid": "tests/test_entry.py::test_delete_entry_not_found", "lineno": 155, "outcome": "passed", "keywords": ["test_delete_entry_not_found", "test_entry.py", "tests", "app", ""], "setup": {"duration": 0.007430007000948535, "outcome": "passed"}, "call": {"duration": 0.00705495200054429, "outcome": "passed"}, "teardown": {"duration": 0.0004084350002813153, "outcome": "passed"}}, {"nodeid": "tests/test_entry.py::test_bulk_delete_entries_success", "lineno": 167, "outcome": "passed", "keywords": ["test_bulk_delete_entries_success", "test_entry.py", "tests", "app", ""], "setup": {"duration": 0.007459204000042519, "outcome": "passed"}, "call": {"duration": 0.014186276999680558, "outcome": "passed"}, "teardown": {"duration": 0.00041889900057867635, "outcome": "passed"}}, {"nodeid": "tests/test_family.py::test_get_family_profiles_success", "lineno": 39, "outcome": "passed", "keywords": ["test_get_family_profiles_success", "test_family.py", "tests", "app", ""], "setup": {"duration": 0.007828309999240446, "outcome": "passed"}, "call": {"duration": 0.007963033000123687, "outcome": "passed", "stdout": "\ud83d\udd0d Getting profiles for family_id: 19\n\u2705 Family found: TestFamily-4fbe1413\n\ud83d\udcca Found 1 profiles for family\n\ud83d\udd04 Processing profile: Test User (ID: 19)\n\u2705 Formatted profile: {'id': 19, 'username': 'testuser-4cca2dcd', 'name': 'Test User', 'avatar': '\ud83d\udc64', 'color': '#2196f3', 'role': 'user', 'entry_count': 0, 'healthScore': 0, 'lastActive': '2025-07-26'}\n\u2705 Returning 1 profiles\n"}, "teardown": {"duration": 0.00043037900104536675, "outcome": "passed"}}, {"nodeid": "tests/test_family.py::test_get_family_profiles_no_token", "lineno": 56, "outcome": "passed", "keywords": ["test_get_family_profiles_no_token", "test_family.py", "tests", "app", ""], "setup": {"duration": 0.0007796929985488532, "outcome": "passed"}, "call": {"duration": 0.0010332279998692684, "outcome": "passed", "stdout": "\u274c Missing token error: Missing Authorization Header\n"}, "teardown": {"duration": 0.0002666299988050014, "outcome": "passed"}}, {"nodeid": "tests/test_family.py::test_create_family_profile_success", "lineno": 65, "outcome": "passed", "keywords": ["test_create_family_profile_success", "test_family.py", "tests", "app", ""], "setup": {"duration": 0.007537310999396141, "outcome": "passed"}, "call": {"duration": 0.007914812998933485, "outcome": "passed"}, "teardown": {"duration": 0.00041350100036652293, "outcome": "passed"}}, {"nodeid": "tests/test_family.py::test_create_family_profile_missing_name", "lineno": 83, "outcome": "passed", "keywords": ["test_create_family_profile_missing_name", "test_family.py", "tests", "app", ""], "setup": {"duration": 0.007261287999426713, "outcome": "passed"}, "call": {"duration": 0.001229650999448495, "outcome": "passed"}, "teardown": {"duration": 0.0003646059994935058, "outcome": "passed"}}, {"nodeid": "tests/test_family.py::test_create_family_profile_duplicate_name", "lineno": 95, "outcome": "passed", "keywords": ["test_create_family_profile_duplicate_name", "test_family.py", "tests", "app", ""], "setup": {"duration": 0.007378423000773182, "outcome": "passed"}, "call": {"duration": 0.012946884999109898, "outcome": "passed"}, "teardown": {"duration": 0.0004394129991851514, "outcome": "passed"}}, {"nodeid": "tests/test_family.py::test_update_family_profile_success", "lineno": 123, "outcome": "passed", "keywords": ["test_update_family_profile_success", "test_family.py", "tests", "app", ""], "setup": {"duration": 0.007699341000261484, "outcome": "passed"}, "call": {"duration": 0.007455195000147796, "outcome": "passed"}, "teardown": {"duration": 0.00048676000005798414, "outcome": "passed"}}, {"nodeid": "tests/test_family.py::test_update_family_profile_not_found", "lineno": 139, "outcome": "passed", "keywords": ["test_update_family_profile_not_found", "test_family.py", "tests", "app", ""], "setup": {"duration": 0.007725821998974425, "outcome": "passed"}, "call": {"duration": 0.006998341999860713, "outcome": "passed"}, "teardown": {"duration": 0.00045456299994839355, "outcome": "passed"}}, {"nodeid": "tests/test_family.py::test_delete_family_profile_success", "lineno": 153, "outcome": "passed", "keywords": ["test_delete_family_profile_success", "test_family.py", "tests", "app", ""], "setup": {"duration": 0.007691662998695392, "outcome": "passed"}, "call": {"duration": 0.014022248000401305, "outcome": "passed"}, "teardown": {"duration": 0.0004509880000114208, "outcome": "passed"}}, {"nodeid": "tests/test_family.py::test_delete_family_profile_only_admin_blocked", "lineno": 180, "outcome": "passed", "keywords": ["test_delete_family_profile_only_admin_blocked", "test_family.py", "tests", "app", ""], "setup": {"duration": 0.007232124000438489, "outcome": "passed"}, "call": {"duration": 0.00733205899996392, "outcome": "passed"}, "teardown": {"duration": 0.00043788999937532935, "outcome": "passed"}}, {"nodeid": "tests/test_health.py::test_health_check", "lineno": 1, "outcome": "passed", "keywords": ["test_health_check", "test_health.py", "tests", "app", ""], "setup": {"duration": 0.0006621270003961399, "outcome": "passed"}, "call": {"duration": 0.0008725399984541582, "outcome": "passed"}, "teardown": {"duration": 0.0012815540012525162, "outcome": "passed"}}]}